h:\opengl\star_1217\star\star\debug\star.pch
h:\opengl\star_1217\star\star\debug\vc140.pdb
h:\opengl\star_1217\star\star\debug\vc140.idb
h:\opengl\star_1217\star\star\debug\stdafx.obj
h:\opengl\star_1217\star\star\debug\source.obj
h:\opengl\star_1217\star\debug\star.ilk
h:\opengl\star_1217\star\debug\star.exe
h:\opengl\star_1217\star\debug\star.pdb
h:\opengl\star_1217\star\star\debug\star.res
h:\opengl\star_1217\star\debug\star.lib
h:\opengl\star_1217\star\debug\star.exp
h:\opengl\star_1217\star\star\debug\star.tlog\cl.command.1.tlog
h:\opengl\star_1217\star\star\debug\star.tlog\cl.read.1.tlog
h:\opengl\star_1217\star\star\debug\star.tlog\cl.write.1.tlog
h:\opengl\star_1217\star\star\debug\star.tlog\link.command.1.tlog
h:\opengl\star_1217\star\star\debug\star.tlog\link.read.1.tlog
h:\opengl\star_1217\star\star\debug\star.tlog\link.write.1.tlog
h:\opengl\star_1217\star\star\debug\star.tlog\rc.command.1.tlog
h:\opengl\star_1217\star\star\debug\star.tlog\rc.read.1.tlog
h:\opengl\star_1217\star\star\debug\star.tlog\rc.write.1.tlog
h:\opengl\star_1217\star\star\debug\star.tlog\star.write.1u.tlog
